<?xml version="1.0" encoding="UTF-8"?>
<!-- Generated by org.testng.reporters.JUnitReportReporter -->
<testsuite skipped="0" hostname="DESKTOP-QKSB57M" name="com.testcases2.ChallengingDomTest" tests="3" failures="0" timestamp="2020-06-10T11:44:48 IST" time="2.021" errors="0">
  <testcase name="doCLickButton1" time="0.862" classname="com.testcases2.ChallengingDomTest"/>
  <system-out/>
  <testcase name="doClickButton2" time="0.589" classname="com.testcases2.ChallengingDomTest"/>
  <system-out/>
  <testcase name="doCLickButton3" time="0.570" classname="com.testcases2.ChallengingDomTest"/>
  <system-out/>
</testsuite> <!-- com.testcases2.ChallengingDomTest -->
