<?xml version="1.0" encoding="UTF-8"?>
<!-- Generated by org.testng.reporters.JUnitReportReporter -->
<testsuite skipped="0" hostname="DESKTOP-QKSB57M" name="com.testCases.LandingPageTest" tests="1" failures="0" timestamp="2020-06-10T11:49:46 IST" time="1.326" errors="0">
  <testcase name="landingPage" time="1.326" classname="com.testCases.LandingPageTest"/>
  <system-out/>
</testsuite> <!-- com.testCases.LandingPageTest -->
