<?xml version="1.0" encoding="UTF-8"?>
<!-- Generated by org.testng.reporters.JUnitReportReporter -->
<testsuite skipped="0" hostname="DESKTOP-QKSB57M" name="com.testCases.LogOutTest" tests="1" failures="0" timestamp="2020-06-10T11:49:46 IST" time="0.084" errors="0">
  <testcase name="doLogOut" time="0.084" classname="com.testCases.LogOutTest"/>
  <system-out/>
</testsuite> <!-- com.testCases.LogOutTest -->
