<?xml version="1.0" encoding="UTF-8"?>
<!-- Generated by org.testng.reporters.JUnitReportReporter -->
<testsuite skipped="0" hostname="DESKTOP-QKSB57M" name="com.testCases.LoginTest" tests="2" failures="0" timestamp="2020-06-10T11:49:46 IST" time="3.262" errors="0">
  <testcase name="doLogin" time="1.599" classname="com.testCases.LoginTest"/>
  <system-out/>
  <testcase name="doLoginTest" time="1.663" classname="com.testCases.LoginTest"/>
  <system-out/>
</testsuite> <!-- com.testCases.LoginTest -->
